<?xml version="1.0" encoding="UTF-8"?>
<testsuite name="A bookshelf" tests="1" skipped="0" failures="0" errors="0" timestamp="2022-12-12T06:18:08" hostname="Saurabhs-Air-2.dhost.uta.edu" time="0.079">
  <properties/>
  <testcase name="books inside bookshelf are grouped by publication year" classname="bookstoread.BookShelfSpec" time="0.079"/>
  <system-out><![CDATA[]]></system-out>
  <system-err><![CDATA[]]></system-err>
</testsuite>
