<?xml version="1.0" encoding="UTF-8"?>
<testsuite name="A bookshelf" tests="1" skipped="0" failures="0" errors="0" timestamp="2022-08-14T18:47:56" hostname="Saurabhs-MacBook-Air.local" time="0.065">
  <properties/>
  <testcase name="is empty when no book is added to it" classname="bookstoread.BookShelfSpec" time="0.065"/>
  <system-out><![CDATA[Working on test case is empty when no book is added to it
]]></system-out>
  <system-err><![CDATA[]]></system-err>
</testsuite>
