<?xml version="1.0" encoding="UTF-8"?>
<testsuite name="A bookshelf" tests="1" skipped="0" failures="0" errors="0" timestamp="2022-12-12T18:05:06" hostname="Saurabhs-MacBook-Air-2.local" time="0.075">
  <properties/>
  <testcase name="books inside bookshelf are grouped by publication year" classname="bookstoread.BookShelfSpec" time="0.075"/>
  <system-out><![CDATA[]]></system-out>
  <system-err><![CDATA[]]></system-err>
</testsuite>
